This is pdfTeX, Version 3.14159265-2.6-1.40.18 (TeX Live 2017) (preloaded format=pdflatex 2017.5.23)  9 FEB 2018 18:41
entering extended mode
 restricted \write18 enabled.
 file:line:error style messages enabled.
 %&-line parsing enabled.
**a3.tex
(./a3.tex
LaTeX2e <2017-04-15>
Babel <3.10> and hyphenation patterns for 84 language(s) loaded.
(/usr/local/texlive/2017/texmf-dist/tex/latex/base/article.cls
Document Class: article 2014/09/29 v1.4h Standard LaTeX document class
(/usr/local/texlive/2017/texmf-dist/tex/latex/base/size10.clo
File: size10.clo 2014/09/29 v1.4h Standard LaTeX file (size option)
)
\c@part=\count79
\c@section=\count80
\c@subsection=\count81
\c@subsubsection=\count82
\c@paragraph=\count83
\c@subparagraph=\count84
\c@figure=\count85
\c@table=\count86
\abovecaptionskip=\skip41
\belowcaptionskip=\skip42
\bibindent=\dimen102
)
(/usr/local/texlive/2017/texmf-dist/tex/latex/preprint/fullpage.sty
Package: fullpage 1999/02/23 1.1 (PWD)
\FP@margin=\skip43
)
(/usr/local/texlive/2017/texmf-dist/tex/latex/graphics/color.sty
Package: color 2016/07/10 v1.1e Standard LaTeX Color (DPC)

(/usr/local/texlive/2017/texmf-dist/tex/latex/graphics-cfg/color.cfg
File: color.cfg 2016/01/02 v1.6 sample color configuration
)
Package color Info: Driver file: pdftex.def on input line 147.

(/usr/local/texlive/2017/texmf-dist/tex/latex/graphics-def/pdftex.def
File: pdftex.def 2017/01/12 v0.06k Graphics/color for pdfTeX

(/usr/local/texlive/2017/texmf-dist/tex/generic/oberdiek/infwarerr.sty
Package: infwarerr 2016/05/16 v1.4 Providing info/warning/error messages (HO)
)
(/usr/local/texlive/2017/texmf-dist/tex/generic/oberdiek/ltxcmds.sty
Package: ltxcmds 2016/05/16 v1.23 LaTeX kernel commands for general use (HO)
)
\Gread@gobject=\count87
))
(/usr/local/texlive/2017/texmf-dist/tex/latex/amsmath/amsmath.sty
Package: amsmath 2016/11/05 v2.16a AMS math features
\@mathmargin=\skip44

For additional information on amsmath, use the `?' option.
(/usr/local/texlive/2017/texmf-dist/tex/latex/amsmath/amstext.sty
Package: amstext 2000/06/29 v2.01 AMS text

(/usr/local/texlive/2017/texmf-dist/tex/latex/amsmath/amsgen.sty
File: amsgen.sty 1999/11/30 v2.0 generic functions
\@emptytoks=\toks14
\ex@=\dimen103
))
(/usr/local/texlive/2017/texmf-dist/tex/latex/amsmath/amsbsy.sty
Package: amsbsy 1999/11/29 v1.2d Bold Symbols
\pmbraise@=\dimen104
)
(/usr/local/texlive/2017/texmf-dist/tex/latex/amsmath/amsopn.sty
Package: amsopn 2016/03/08 v2.02 operator names
)
\inf@bad=\count88
LaTeX Info: Redefining \frac on input line 213.
\uproot@=\count89
\leftroot@=\count90
LaTeX Info: Redefining \overline on input line 375.
\classnum@=\count91
\DOTSCASE@=\count92
LaTeX Info: Redefining \ldots on input line 472.
LaTeX Info: Redefining \dots on input line 475.
LaTeX Info: Redefining \cdots on input line 596.
\Mathstrutbox@=\box26
\strutbox@=\box27
\big@size=\dimen105
LaTeX Font Info:    Redeclaring font encoding OML on input line 712.
LaTeX Font Info:    Redeclaring font encoding OMS on input line 713.
\macc@depth=\count93
\c@MaxMatrixCols=\count94
\dotsspace@=\muskip10
\c@parentequation=\count95
\dspbrk@lvl=\count96
\tag@help=\toks15
\row@=\count97
\column@=\count98
\maxfields@=\count99
\andhelp@=\toks16
\eqnshift@=\dimen106
\alignsep@=\dimen107
\tagshift@=\dimen108
\tagwidth@=\dimen109
\totwidth@=\dimen110
\lineht@=\dimen111
\@envbody=\toks17
\multlinegap=\skip45
\multlinetaggap=\skip46
\mathdisplay@stack=\toks18
LaTeX Info: Redefining \[ on input line 2817.
LaTeX Info: Redefining \] on input line 2818.
)
(/usr/local/texlive/2017/texmf-dist/tex/latex/url/url.sty
\Urlmuskip=\muskip11
Package: url 2013/09/16  ver 3.4  Verb mode for urls, etc.
)
(/usr/local/texlive/2017/texmf-dist/tex/latex/tools/verbatim.sty
Package: verbatim 2014/10/28 v1.5q LaTeX2e package for verbatim enhancements
\every@verbatim=\toks19
\verbatim@line=\toks20
\verbatim@in@stream=\read1
)
(/usr/local/texlive/2017/texmf-dist/tex/latex/graphics/graphicx.sty
Package: graphicx 2014/10/28 v1.0g Enhanced LaTeX Graphics (DPC,SPQR)

(/usr/local/texlive/2017/texmf-dist/tex/latex/graphics/keyval.sty
Package: keyval 2014/10/28 v1.15 key=value parser (DPC)
\KV@toks@=\toks21
)
(/usr/local/texlive/2017/texmf-dist/tex/latex/graphics/graphics.sty
Package: graphics 2017/04/14 v1.1b Standard LaTeX Graphics (DPC,SPQR)

(/usr/local/texlive/2017/texmf-dist/tex/latex/graphics/trig.sty
Package: trig 2016/01/03 v1.10 sin cos tan (DPC)
)
(/usr/local/texlive/2017/texmf-dist/tex/latex/graphics-cfg/graphics.cfg
File: graphics.cfg 2016/06/04 v1.11 sample graphics configuration
)
Package graphics Info: Driver file: pdftex.def on input line 99.
)
\Gin@req@height=\dimen112
\Gin@req@width=\dimen113
)
(/usr/local/texlive/2017/texmf-dist/tex/latex/parskip/parskip.sty
Package: parskip 2001/04/09 non-zero parskip adjustments
)
(/usr/local/texlive/2017/texmf-dist/tex/latex/amsfonts/amssymb.sty
Package: amssymb 2013/01/14 v3.01 AMS font symbols

(/usr/local/texlive/2017/texmf-dist/tex/latex/amsfonts/amsfonts.sty
Package: amsfonts 2013/01/14 v3.01 Basic AMSFonts support
\symAMSa=\mathgroup4
\symAMSb=\mathgroup5
LaTeX Font Info:    Overwriting math alphabet `\mathfrak' in version `bold'
(Font)                  U/euf/m/n --> U/euf/b/n on input line 106.
))
(/usr/local/texlive/2017/texmf-dist/tex/latex/units/nicefrac.sty
Package: nicefrac 1998/08/04 v0.9b Nice fractions
\L@UnitsRaiseDisplaystyle=\skip47
\L@UnitsRaiseTextstyle=\skip48
\L@UnitsRaiseScriptstyle=\skip49

(/usr/local/texlive/2017/texmf-dist/tex/latex/base/ifthen.sty
Package: ifthen 2014/09/29 v1.1c Standard LaTeX ifthen package (DPC)
))
(/usr/local/texlive/2017/texmf-dist/tex/latex/listings/listings.sty
\lst@mode=\count100
\lst@gtempboxa=\box28
\lst@token=\toks22
\lst@length=\count101
\lst@currlwidth=\dimen114
\lst@column=\count102
\lst@pos=\count103
\lst@lostspace=\dimen115
\lst@width=\dimen116
\lst@newlines=\count104
\lst@lineno=\count105
\lst@maxwidth=\dimen117

(/usr/local/texlive/2017/texmf-dist/tex/latex/listings/lstmisc.sty
File: lstmisc.sty 2015/06/04 1.6 (Carsten Heinz)
\c@lstnumber=\count106
\lst@skipnumbers=\count107
\lst@framebox=\box29
)
(/usr/local/texlive/2017/texmf-dist/tex/latex/listings/listings.cfg
File: listings.cfg 2015/06/04 1.6 listings configuration
))
Package: listings 2015/06/04 1.6 (Carsten Heinz)

(/usr/local/texlive/2017/texmf-dist/tex/latex/algorithm2e/algorithm2e.sty
Package: algorithm2e 2013/01/06 v5.00 algorithms environments
\c@AlgoLine=\count108
\algocf@hangindent=\skip50

(/usr/local/texlive/2017/texmf-dist/tex/latex/tools/xspace.sty
Package: xspace 2014/10/28 v1.13 Space after command names (DPC,MH)
)
(/usr/local/texlive/2017/texmf-dist/tex/latex/relsize/relsize.sty
Package: relsize 2013/03/29 ver 4.1
)
********************************************************
Package `algorithm2e' Release 5.1 -- october 19 2015 --
- algorithm2e-announce@lirmm.fr mailing list for announcement about releases
- algorithm2e-discussion@lirmm.fr mailing list for discussion about package
subscribe by emailing sympa@lirmm.fr with 'subscribe <list> <firstname name>'
- Author: Christophe Fiorio (christophe.fiorio@umontpellier.fr)
********************************************************
\skiptotal=\skip51
\skiplinenumber=\skip52
\skiprule=\skip53
\skiphlne=\skip54
\skiptext=\skip55
\skiplength=\skip56
\algomargin=\skip57
\skipalgocfslide=\skip58
\algowidth=\dimen118
\inoutsize=\dimen119
\inoutindent=\dimen120
\interspacetitleruled=\dimen121
\interspacealgoruled=\dimen122
\interspacetitleboxruled=\dimen123
\algocf@ruledwidth=\skip59
\algocf@inoutbox=\box30
\algocf@inputbox=\box31
\AlCapSkip=\skip60
\AlCapHSkip=\skip61
\algoskipindent=\skip62
\algocf@nlbox=\box32
\algocf@hangingbox=\box33
\algocf@untilbox=\box34
\algocf@skipuntil=\skip63
\algocf@capbox=\box35
\algoheightruledefault=\skip64
\algoheightrule=\skip65
\algotitleheightruledefault=\skip66
\algotitleheightrule=\skip67
\c@algocfline=\count109
\c@algocfproc=\count110
\c@algocf=\count111
\algocf@algoframe=\box36
\algocf@algobox=\box37
)
Package color Info: Redefining color red on input line 22.
 (./a3.aux)
\openout1 = `a3.aux'.

LaTeX Font Info:    Checking defaults for OML/cmm/m/it on input line 41.
LaTeX Font Info:    ... okay on input line 41.
LaTeX Font Info:    Checking defaults for T1/cmr/m/n on input line 41.
LaTeX Font Info:    ... okay on input line 41.
LaTeX Font Info:    Checking defaults for OT1/cmr/m/n on input line 41.
LaTeX Font Info:    ... okay on input line 41.
LaTeX Font Info:    Checking defaults for OMS/cmsy/m/n on input line 41.
LaTeX Font Info:    ... okay on input line 41.
LaTeX Font Info:    Checking defaults for OMX/cmex/m/n on input line 41.
LaTeX Font Info:    ... okay on input line 41.
LaTeX Font Info:    Checking defaults for U/cmr/m/n on input line 41.
LaTeX Font Info:    ... okay on input line 41.

(/usr/local/texlive/2017/texmf-dist/tex/context/base/mkii/supp-pdf.mkii
[Loading MPS to PDF converter (version 2006.09.02).]
\scratchcounter=\count112
\scratchdimen=\dimen124
\scratchbox=\box38
\nofMPsegments=\count113
\nofMParguments=\count114
\everyMPshowfont=\toks23
\MPscratchCnt=\count115
\MPscratchDim=\dimen125
\MPnumerator=\count116
\makeMPintoPDFobject=\count117
\everyMPtoPDFconversion=\toks24
) (/usr/local/texlive/2017/texmf-dist/tex/generic/oberdiek/pdftexcmds.sty
Package: pdftexcmds 2017/03/19 v0.25 Utility functions of pdfTeX for LuaTeX (HO
)

(/usr/local/texlive/2017/texmf-dist/tex/generic/oberdiek/ifluatex.sty
Package: ifluatex 2016/05/16 v1.4 Provides the ifluatex switch (HO)
Package ifluatex Info: LuaTeX not detected.
)
(/usr/local/texlive/2017/texmf-dist/tex/generic/oberdiek/ifpdf.sty
Package: ifpdf 2017/03/15 v3.2 Provides the ifpdf switch
)
Package pdftexcmds Info: LuaTeX not detected.
Package pdftexcmds Info: \pdf@primitive is available.
Package pdftexcmds Info: \pdf@ifprimitive is available.
Package pdftexcmds Info: \pdfdraftmode found.
)
(/usr/local/texlive/2017/texmf-dist/tex/latex/oberdiek/epstopdf-base.sty
Package: epstopdf-base 2016/05/15 v2.6 Base part for package epstopdf

(/usr/local/texlive/2017/texmf-dist/tex/latex/oberdiek/grfext.sty
Package: grfext 2016/05/16 v1.2 Manage graphics extensions (HO)

(/usr/local/texlive/2017/texmf-dist/tex/generic/oberdiek/kvdefinekeys.sty
Package: kvdefinekeys 2016/05/16 v1.4 Define keys (HO)
))
(/usr/local/texlive/2017/texmf-dist/tex/latex/oberdiek/kvoptions.sty
Package: kvoptions 2016/05/16 v3.12 Key value format for package options (HO)

(/usr/local/texlive/2017/texmf-dist/tex/generic/oberdiek/kvsetkeys.sty
Package: kvsetkeys 2016/05/16 v1.17 Key value parser (HO)

(/usr/local/texlive/2017/texmf-dist/tex/generic/oberdiek/etexcmds.sty
Package: etexcmds 2016/05/16 v1.6 Avoid name clashes with e-TeX commands (HO)
Package etexcmds Info: Could not find \expanded.
(etexcmds)             That can mean that you are not using pdfTeX 1.50 or
(etexcmds)             that some package has redefined \expanded.
(etexcmds)             In the latter case, load this package earlier.
)))
Package epstopdf-base Info: Redefining graphics rule for `.eps' on input line 4
38.
Package grfext Info: Graphics extension search list:
(grfext)             [.png,.pdf,.jpg,.mps,.jpeg,.jbig2,.jb2,.PNG,.PDF,.JPG,.JPE
G,.JBIG2,.JB2,.eps]
(grfext)             \AppendGraphicsExtensions on input line 456.

(/usr/local/texlive/2017/texmf-dist/tex/latex/latexconfig/epstopdf-sys.cfg
File: epstopdf-sys.cfg 2010/07/13 v1.3 Configuration of (r)epstopdf for TeX Liv
e
))
\c@lstlisting=\count118
LaTeX Font Info:    Try loading font information for U+msa on input line 45.

(/usr/local/texlive/2017/texmf-dist/tex/latex/amsfonts/umsa.fd
File: umsa.fd 2013/01/14 v3.01 AMS symbols A
)
LaTeX Font Info:    Try loading font information for U+msb on input line 45.

(/usr/local/texlive/2017/texmf-dist/tex/latex/amsfonts/umsb.fd
File: umsb.fd 2013/01/14 v3.01 AMS symbols B
)

LaTeX Warning: No \author given.


Underfull \hbox (badness 10000) in paragraph at lines 49--54

 []


Underfull \hbox (badness 10000) in paragraph at lines 49--54

 []

LaTeX Font Info:    Try loading font information for OMS+cmr on input line 56.
(/usr/local/texlive/2017/texmf-dist/tex/latex/base/omscmr.fd
File: omscmr.fd 2014/09/29 v2.5h Standard LaTeX font definitions
)
LaTeX Font Info:    Font shape `OMS/cmr/m/n' in size <10> not available
(Font)              Font shape `OMS/cmsy/m/n' tried instead on input line 56.

Underfull \hbox (badness 10000) in paragraph at lines 86--166

 []

[1

{/usr/local/texlive/2017/texmf-var/fonts/map/pdftex/updmap/pdftex.map}]
[2]
Underfull \hbox (badness 10000) in paragraph at lines 197--197

 []


Underfull \hbox (badness 10000) in paragraph at lines 197--197

 []


Underfull \hbox (badness 10000) in paragraph at lines 197--197

 []


Underfull \hbox (badness 10000) in paragraph at lines 224--224

 []


Underfull \hbox (badness 10000) in paragraph at lines 224--224

 []


Underfull \hbox (badness 10000) in paragraph at lines 224--224

 []


Underfull \hbox (badness 10000) in paragraph at lines 224--224

 []


Underfull \hbox (badness 10000) in paragraph at lines 224--224

 []


Underfull \hbox (badness 10000) in paragraph at lines 224--224

 []


Underfull \hbox (badness 10000) in paragraph at lines 224--224

 []


Underfull \hbox (badness 10000) in paragraph at lines 224--224

 []


Underfull \hbox (badness 10000) in paragraph at lines 224--224

 []


Underfull \hbox (badness 10000) in paragraph at lines 224--224

 []


Underfull \hbox (badness 10000) in paragraph at lines 224--224

 []


Underfull \hbox (badness 10000) in paragraph at lines 224--224

 []


Underfull \hbox (badness 10000) in paragraph at lines 224--224

 []

[3]
Underfull \hbox (badness 10000) in paragraph at lines 224--224

 []


Underfull \hbox (badness 10000) in paragraph at lines 224--224

 []


Underfull \hbox (badness 10000) in paragraph at lines 224--224

 []


Underfull \hbox (badness 10000) in paragraph at lines 224--224

 []


Underfull \hbox (badness 10000) in paragraph at lines 224--224

 []

<../figs/least_squares_outliers.pdf, id=22, 462.52798pt x 346.89601pt>
File: ../figs/least_squares_outliers.pdf Graphic file (type pdf)

<use ../figs/least_squares_outliers.pdf>
Package pdftex.def Info: ../figs/least_squares_outliers.pdf used on input line 
233.
(pdftex.def)             Requested size: 328.82707pt x 246.63135pt.
 [4 <../figs/least_squares_outliers.pdf>]
Underfull \hbox (badness 10000) in paragraph at lines 254--255

 []


<../figs/least_squares_outliers_weighted.pdf, id=53, 462.52798pt x 346.89601pt>
File: ../figs/least_squares_outliers_weighted.pdf Graphic file (type pdf)
<use ../figs/least_squares_outliers_weighted.pdf>
Package pdftex.def Info: ../figs/least_squares_outliers_weighted.pdf used on in
put line 255.
(pdftex.def)             Requested size: 328.82707pt x 246.63135pt.
 [5 <../figs/least_squares_outliers_weighted.pdf>]
Underfull \hbox (badness 10000) in paragraph at lines 275--278

 []


Underfull \hbox (badness 10000) in paragraph at lines 275--278

 []


Underfull \hbox (badness 10000) in paragraph at lines 295--296

 []

<../figs/least_squares_robust.pdf, id=89, 462.52798pt x 346.89601pt>
File: ../figs/least_squares_robust.pdf Graphic file (type pdf)

<use ../figs/least_squares_robust.pdf>
Package pdftex.def Info: ../figs/least_squares_robust.pdf used on input line 29
6.
(pdftex.def)             Requested size: 328.82707pt x 246.63135pt.
 [6]
<../figs/least_squares_no_bias.pdf, id=101, 462.52798pt x 346.89601pt>
File: ../figs/least_squares_no_bias.pdf Graphic file (type pdf)

<use ../figs/least_squares_no_bias.pdf>
Package pdftex.def Info: ../figs/least_squares_no_bias.pdf used on input line 3
20.
(pdftex.def)             Requested size: 234.8775pt x 176.15768pt.
 [7 <../figs/least_squares_robust.pdf>]
Underfull \hbox (badness 10000) in paragraph at lines 337--341

 []

<../figs/least_squares_bias.pdf, id=138, 462.52798pt x 346.89601pt>
File: ../figs/least_squares_bias.pdf Graphic file (type pdf)

<use ../figs/least_squares_bias.pdf>
Package pdftex.def Info: ../figs/least_squares_bias.pdf used on input line 341.

(pdftex.def)             Requested size: 328.82707pt x 246.63135pt.
 [8 <../figs/least_squares_no_bias.pdf>]
Underfull \hbox (badness 10000) in paragraph at lines 364--368

 []


Underfull \hbox (badness 10000) in paragraph at lines 364--368

 []


Underfull \hbox (badness 10000) in paragraph at lines 369--372

 []

[9 <../figs/least_squares_bias.pdf>]
Underfull \hbox (badness 10000) in paragraph at lines 373--376

 []


Underfull \hbox (badness 10000) in paragraph at lines 377--380

 []


Underfull \hbox (badness 10000) in paragraph at lines 381--384

 []


Underfull \hbox (badness 10000) in paragraph at lines 385--388

 []


Underfull \hbox (badness 10000) in paragraph at lines 389--392

 []


Underfull \hbox (badness 10000) in paragraph at lines 393--396

 []


Underfull \hbox (badness 10000) in paragraph at lines 397--400

 []


Underfull \hbox (badness 10000) in paragraph at lines 401--404

 []


Underfull \hbox (badness 10000) in paragraph at lines 405--408

 []

<../figs/PolyBasis1.pdf, id=205, 462.52798pt x 346.89601pt>
File: ../figs/PolyBasis1.pdf Graphic file (type pdf)

<use ../figs/PolyBasis1.pdf>
Package pdftex.def Info: ../figs/PolyBasis1.pdf used on input line 409.
(pdftex.def)             Requested size: 328.82707pt x 246.63135pt.
 [10]
<../figs/PolyBasis7.pdf, id=209, 462.52798pt x 346.89601pt>
File: ../figs/PolyBasis7.pdf Graphic file (type pdf)

<use ../figs/PolyBasis7.pdf>
Package pdftex.def Info: ../figs/PolyBasis7.pdf used on input line 410.
(pdftex.def)             Requested size: 328.82707pt x 246.63135pt.

<../figs/PolyBasis10.pdf, id=210, 462.52798pt x 346.89601pt>
File: ../figs/PolyBasis10.pdf Graphic file (type pdf)

<use ../figs/PolyBasis10.pdf>
Package pdftex.def Info: ../figs/PolyBasis10.pdf used on input line 411.
(pdftex.def)             Requested size: 328.82707pt x 246.63135pt.
 [11 <../figs/PolyBasis1.pdf> <../figs/PolyBasis7.pdf

pdfTeX warning: /Library/TeX/texbin/pdflatex (file ../figs/PolyBasis7.pdf): PDF
 inclusion: multiple pdfs with page group included in a single page
>] <../figs/least_squares_rbf_bad.pdf, id=281, 462.52798pt x 346.89601pt>
File: ../figs/least_squares_rbf_bad.pdf Graphic file (type pdf)

<use ../figs/least_squares_rbf_bad.pdf>
Package pdftex.def Info: ../figs/least_squares_rbf_bad.pdf used on input line 4
39.
(pdftex.def)             Requested size: 328.82707pt x 246.63135pt.
 [12 <../figs/PolyBasis10.pdf>]
Overfull \hbox (12.2503pt too wide) in paragraph at lines 442--443
[]\OT1/cmr/m/n/10 Fix the prob-lem by ei-ther ran-dom-iz-ing the split your-sel
f or us-ing \OT1/cmtt/m/n/10 sklearn.model[]selection.train[]test[]split
 []


Underfull \hbox (badness 10000) in paragraph at lines 444--453

 []


Underfull \hbox (badness 10000) in paragraph at lines 444--453

 []

File: ../figs/least_squares_rbf_bad.pdf Graphic file (type pdf)
<use ../figs/least_squares_rbf_bad.pdf>
Package pdftex.def Info: ../figs/least_squares_rbf_bad.pdf used on input line 4
53.
(pdftex.def)             Requested size: 328.82707pt x 246.63135pt.
 [13 <../figs/least_squares_rbf_bad.pdf>] <../figs/least_squares_rbf_good3.pdf,
 id=367, 462.52798pt x 346.89601pt>
File: ../figs/least_squares_rbf_good3.pdf Graphic file (type pdf)

<use ../figs/least_squares_rbf_good3.pdf>
Package pdftex.def Info: ../figs/least_squares_rbf_good3.pdf used on input line
 455.
(pdftex.def)             Requested size: 328.82707pt x 246.63135pt.

Underfull \hbox (badness 10000) in paragraph at lines 475--475

 []

[14 <../figs/least_squares_rbf_good3.pdf>]
File: ../figs/least_squares_rbf_good3.pdf Graphic file (type pdf)

<use ../figs/least_squares_rbf_good3.pdf>
Package pdftex.def Info: ../figs/least_squares_rbf_good3.pdf used on input line
 475.
(pdftex.def)             Requested size: 328.82707pt x 246.63135pt.

<../figs/least_squares_rbf_good2.pdf, id=411, 462.52798pt x 346.89601pt>
File: ../figs/least_squares_rbf_good2.pdf Graphic file (type pdf)

<use ../figs/least_squares_rbf_good2.pdf>
Package pdftex.def Info: ../figs/least_squares_rbf_good2.pdf used on input line
 475.
(pdftex.def)             Requested size: 328.82707pt x 246.63135pt.

Underfull \hbox (badness 10000) in paragraph at lines 475--475

 []

<../figs/least_squares_rbf_10_fold.pdf, id=412, 462.52798pt x 346.89601pt>
File: ../figs/least_squares_rbf_10_fold.pdf Graphic file (type pdf)

<use ../figs/least_squares_rbf_10_fold.pdf>
Package pdftex.def Info: ../figs/least_squares_rbf_10_fold.pdf used on input li
ne 475.
(pdftex.def)             Requested size: 328.82707pt x 246.63135pt.
 [15 <../figs/least_squares_rbf_good2.pdf>]
Underfull \hbox (badness 10000) in paragraph at lines 481--492

 []


Underfull \hbox (badness 10000) in paragraph at lines 481--492

 []


Underfull \hbox (badness 10000) in paragraph at lines 481--492

 []


Underfull \hbox (badness 10000) in paragraph at lines 481--492

 []

[16 <../figs/least_squares_rbf_10_fold.pdf>]
Overfull \hbox (5.35646pt too wide) in paragraph at lines 528--528
[]\OT1/cmr/m/n/10 In \OT1/cmtt/m/n/10 LinearModelGradient \OT1/cmr/m/n/10 there
's code that checks your gra-di-ent us-ing \OT1/cmtt/m/n/10 scipy.optimize.appr
ox[]fprime\OT1/cmr/m/n/10 .
 []

[17] (./a3.aux) )
(\end occurred inside a group at level 1)

### simple group (level 1) entered at line 1061 ({)
### bottom level 
Here is how much of TeX's memory you used:
 4832 strings out of 492995
 70285 string characters out of 6132704
 150639 words of memory out of 5000000
 8292 multiletter control sequences out of 15000+600000
 12017 words of font info for 47 fonts, out of 8000000 for 9000
 1141 hyphenation exceptions out of 8191
 39i,8n,32p,513b,1913s stack positions out of 5000i,500n,10000p,200000b,80000s
</usr/local/texlive/2017/texmf-dist/fonts/type1/public/amsfonts
/cm/cmbx10.pfb></usr/local/texlive/2017/texmf-dist/fonts/type1/public/amsfonts/
cm/cmbx12.pfb></usr/local/texlive/2017/texmf-dist/fonts/type1/public/amsfonts/c
m/cmex10.pfb></usr/local/texlive/2017/texmf-dist/fonts/type1/public/amsfonts/cm
extra/cmex7.pfb></usr/local/texlive/2017/texmf-dist/fonts/type1/public/amsfonts
/cm/cmmi10.pfb></usr/local/texlive/2017/texmf-dist/fonts/type1/public/amsfonts/
cm/cmmi5.pfb></usr/local/texlive/2017/texmf-dist/fonts/type1/public/amsfonts/cm
/cmmi6.pfb></usr/local/texlive/2017/texmf-dist/fonts/type1/public/amsfonts/cm/c
mmi7.pfb></usr/local/texlive/2017/texmf-dist/fonts/type1/public/amsfonts/cm/cmm
i8.pfb></usr/local/texlive/2017/texmf-dist/fonts/type1/public/amsfonts/cm/cmr10
.pfb></usr/local/texlive/2017/texmf-dist/fonts/type1/public/amsfonts/cm/cmr17.p
fb></usr/local/texlive/2017/texmf-dist/fonts/type1/public/amsfonts/cm/cmr5.pfb>
</usr/local/texlive/2017/texmf-dist/fonts/type1/public/amsfonts/cm/cmr6.pfb></u
sr/local/texlive/2017/texmf-dist/fonts/type1/public/amsfonts/cm/cmr7.pfb></usr/
local/texlive/2017/texmf-dist/fonts/type1/public/amsfonts/cm/cmr8.pfb></usr/loc
al/texlive/2017/texmf-dist/fonts/type1/public/amsfonts/cm/cmsy10.pfb></usr/loca
l/texlive/2017/texmf-dist/fonts/type1/public/amsfonts/cm/cmsy5.pfb></usr/local/
texlive/2017/texmf-dist/fonts/type1/public/amsfonts/cm/cmsy7.pfb></usr/local/te
xlive/2017/texmf-dist/fonts/type1/public/amsfonts/cm/cmsy8.pfb></usr/local/texl
ive/2017/texmf-dist/fonts/type1/public/amsfonts/cm/cmti10.pfb></usr/local/texli
ve/2017/texmf-dist/fonts/type1/public/amsfonts/cm/cmtt10.pfb>
Output written on a3.pdf (17 pages, 427765 bytes).
PDF statistics:
 572 PDF objects out of 1000 (max. 8388607)
 189 compressed objects within 2 object streams
 0 named destinations out of 1000 (max. 500000)
 61 words of extra memory for PDF output out of 10000 (max. 10000000)

